#1
_program
  #1
  _class
    P
    Object
    "good.cl"
    (
    #2
    _method
      main
      C
      #3
      _dispatch
        #3
        _new
          D
        : _no_type
        d
        (
        )
      : _no_type
    )
  #7
  _class
    C
    Object
    "good.cl"
    (
    #8
    _attr
      a
      Int
      #0
      _no_expr
      : _no_type
    #9
    _attr
      b
      C
      #0
      _no_expr
      : _no_type
    #10
    _attr
      b
      Int
      #0
      _no_expr
      : _no_type
    #11
    _attr
      c
      Object
      #0
      _no_expr
      : _no_type
    #12
    _method
      init
      #12
      _formal
        x
        ABC
      #12
      _formal
        y
        Object
      C
      #13
      _block
        #14
        _object
          b
        : _no_type
      : _no_type
    )
  #20
  _class
    D
    Object
    "good.cl"
    (
    #21
    _method
      d
      String
      #22
      _object
        c
      : _no_type
    #24
    _method
      d
      Int
      #25
      _object
        c
      : _no_type
    )
