#1
_program
  #1
  _class
    C
    Object
    "good.cl"
    (
    #2
    _attr
      a
      Int
      #0
      _no_expr
      : _no_type
    #3
    _attr
      b
      Bool
      #0
      _no_expr
      : _no_type
    #4
    _method
      init
      #4
      _formal
        x
        Int
      #4
      _formal
        y
        Bool
      C
      #5
      _block
        #6
        _assign
          a
          #6
          _object
            x
          : _no_type
        : _no_type
        #7
        _assign
          b
          #7
          _object
            y
          : _no_type
        : _no_type
        #8
        _object
          self
        : _no_type
      : _no_type
    #11
    _method
      init
      #11
      _formal
        x
        Int
      #11
      _formal
        y
        Bool
      C
      #12
      _assign
        a
        #12
        _object
          x
        : _no_type
      : _no_type
    )
  #16
  _class
    Main
    Object
    "good.cl"
    (
    #17
    _method
      main
      C
      #18
      _dispatch
        #18
        _new
          C
        : _no_type
        init
        (
        #18
        _int
          1
        : _no_type
        #18
        _bool
          1
        : _no_type
        )
      : _no_type
    )
